[08-Sep-2024 22:02:35 UTC] PHP Deprecated:  Function print_emoji_styles is <strong>deprecated</strong> since version 6.4.0! Use wp_enqueue_emoji_styles instead. in /opt/lampp/htdocs/wordpress-6.6.1/wordpress/wp-includes/functions.php on line 6085
[09-Sep-2024 00:57:52 UTC] PHP Deprecated:  Function wp_update_https_detection_errors is <strong>deprecated</strong> since version 6.4.0 with no alternative available. in /opt/lampp/htdocs/wordpress-6.6.1/wordpress/wp-includes/functions.php on line 6085
[09-Sep-2024 00:57:53 UTC] Automatic updates starting...
[09-Sep-2024 00:57:54 UTC] Automatic updates complete.
[09-Sep-2024 02:44:03 UTC] PHP Warning:  Attempt to read property "title" on null in /opt/lampp/htdocs/wordpress-6.6.1/wordpress/wp-includes/class-wp-customize-widgets.php on line 905
[09-Sep-2024 04:08:38 UTC] PHP Fatal error:  Uncaught Error: Call to undefined function get_tempalate_directory_uri() in /opt/lampp/htdocs/wordpress-6.6.1/wordpress/wp-content/themes/troyweb_applicant/functions.php:6
Stack trace:
#0 /opt/lampp/htdocs/wordpress-6.6.1/wordpress/wp-includes/class-wp-hook.php(324): load_css('')
#1 /opt/lampp/htdocs/wordpress-6.6.1/wordpress/wp-includes/class-wp-hook.php(348): WP_Hook->apply_filters(NULL, Array)
#2 /opt/lampp/htdocs/wordpress-6.6.1/wordpress/wp-includes/plugin.php(517): WP_Hook->do_action(Array)
#3 /opt/lampp/htdocs/wordpress-6.6.1/wordpress/wp-includes/script-loader.php(2263): do_action('wp_enqueue_scri...')
#4 /opt/lampp/htdocs/wordpress-6.6.1/wordpress/wp-includes/class-wp-hook.php(324): wp_enqueue_scripts('')
#5 /opt/lampp/htdocs/wordpress-6.6.1/wordpress/wp-includes/class-wp-hook.php(348): WP_Hook->apply_filters(NULL, Array)
#6 /opt/lampp/htdocs/wordpress-6.6.1/wordpress/wp-includes/plugin.php(517): WP_Hook->do_action(Array)
#7 /opt/lampp/htdocs/wordpress-6.6.1/wordpress/wp-includes/general-template.php(3065): do_action('wp_head')
#8 /opt/lampp/htdocs/wordpress-6.6.1/wordpress/wp-content/themes/troyweb_applicant/header.php(7): wp_head()
#9 /opt/lampp/htdocs/wordpress-6.6.1/wordpress/wp-includes/template.php(810): require_once('/opt/lampp/htdo...')
#10 /opt/lampp/htdocs/wordpress-6.6.1/wordpress/wp-includes/template.php(745): load_template('/opt/lampp/htdo...', true, Array)
#11 /opt/lampp/htdocs/wordpress-6.6.1/wordpress/wp-includes/general-template.php(48): locate_template(Array, true, true, Array)
#12 /opt/lampp/htdocs/wordpress-6.6.1/wordpress/wp-content/themes/troyweb_applicant/front-page.php(1): get_header()
#13 /opt/lampp/htdocs/wordpress-6.6.1/wordpress/wp-includes/template-loader.php(106): include('/opt/lampp/htdo...')
#14 /opt/lampp/htdocs/wordpress-6.6.1/wordpress/wp-blog-header.php(19): require_once('/opt/lampp/htdo...')
#15 /opt/lampp/htdocs/wordpress-6.6.1/wordpress/index.php(17): require('/opt/lampp/htdo...')
#16 {main}
  thrown in /opt/lampp/htdocs/wordpress-6.6.1/wordpress/wp-content/themes/troyweb_applicant/functions.php on line 6
[09-Sep-2024 04:08:46 UTC] PHP Fatal error:  Uncaught Error: Call to undefined function get_tempalate_directory_uri() in /opt/lampp/htdocs/wordpress-6.6.1/wordpress/wp-content/themes/troyweb_applicant/functions.php:6
Stack trace:
#0 /opt/lampp/htdocs/wordpress-6.6.1/wordpress/wp-includes/class-wp-hook.php(324): load_css('')
#1 /opt/lampp/htdocs/wordpress-6.6.1/wordpress/wp-includes/class-wp-hook.php(348): WP_Hook->apply_filters(NULL, Array)
#2 /opt/lampp/htdocs/wordpress-6.6.1/wordpress/wp-includes/plugin.php(517): WP_Hook->do_action(Array)
#3 /opt/lampp/htdocs/wordpress-6.6.1/wordpress/wp-includes/script-loader.php(2263): do_action('wp_enqueue_scri...')
#4 /opt/lampp/htdocs/wordpress-6.6.1/wordpress/wp-includes/class-wp-hook.php(324): wp_enqueue_scripts('')
#5 /opt/lampp/htdocs/wordpress-6.6.1/wordpress/wp-includes/class-wp-hook.php(348): WP_Hook->apply_filters(NULL, Array)
#6 /opt/lampp/htdocs/wordpress-6.6.1/wordpress/wp-includes/plugin.php(517): WP_Hook->do_action(Array)
#7 /opt/lampp/htdocs/wordpress-6.6.1/wordpress/wp-includes/general-template.php(3065): do_action('wp_head')
#8 /opt/lampp/htdocs/wordpress-6.6.1/wordpress/wp-content/themes/troyweb_applicant/header.php(7): wp_head()
#9 /opt/lampp/htdocs/wordpress-6.6.1/wordpress/wp-includes/template.php(810): require_once('/opt/lampp/htdo...')
#10 /opt/lampp/htdocs/wordpress-6.6.1/wordpress/wp-includes/template.php(745): load_template('/opt/lampp/htdo...', true, Array)
#11 /opt/lampp/htdocs/wordpress-6.6.1/wordpress/wp-includes/general-template.php(48): locate_template(Array, true, true, Array)
#12 /opt/lampp/htdocs/wordpress-6.6.1/wordpress/wp-content/themes/troyweb_applicant/front-page.php(1): get_header()
#13 /opt/lampp/htdocs/wordpress-6.6.1/wordpress/wp-includes/template-loader.php(106): include('/opt/lampp/htdo...')
#14 /opt/lampp/htdocs/wordpress-6.6.1/wordpress/wp-blog-header.php(19): require_once('/opt/lampp/htdo...')
#15 /opt/lampp/htdocs/wordpress-6.6.1/wordpress/index.php(17): require('/opt/lampp/htdo...')
#16 {main}
  thrown in /opt/lampp/htdocs/wordpress-6.6.1/wordpress/wp-content/themes/troyweb_applicant/functions.php on line 6
[09-Sep-2024 04:09:25 UTC] PHP Fatal error:  Uncaught Error: Call to undefined function get_tempalate_directory_uri() in /opt/lampp/htdocs/wordpress-6.6.1/wordpress/wp-content/themes/troyweb_applicant/functions.php:6
Stack trace:
#0 /opt/lampp/htdocs/wordpress-6.6.1/wordpress/wp-includes/class-wp-hook.php(324): load_css('')
#1 /opt/lampp/htdocs/wordpress-6.6.1/wordpress/wp-includes/class-wp-hook.php(348): WP_Hook->apply_filters(NULL, Array)
#2 /opt/lampp/htdocs/wordpress-6.6.1/wordpress/wp-includes/plugin.php(517): WP_Hook->do_action(Array)
#3 /opt/lampp/htdocs/wordpress-6.6.1/wordpress/wp-includes/script-loader.php(2263): do_action('wp_enqueue_scri...')
#4 /opt/lampp/htdocs/wordpress-6.6.1/wordpress/wp-includes/class-wp-hook.php(324): wp_enqueue_scripts('')
#5 /opt/lampp/htdocs/wordpress-6.6.1/wordpress/wp-includes/class-wp-hook.php(348): WP_Hook->apply_filters(NULL, Array)
#6 /opt/lampp/htdocs/wordpress-6.6.1/wordpress/wp-includes/plugin.php(517): WP_Hook->do_action(Array)
#7 /opt/lampp/htdocs/wordpress-6.6.1/wordpress/wp-includes/general-template.php(3065): do_action('wp_head')
#8 /opt/lampp/htdocs/wordpress-6.6.1/wordpress/wp-content/themes/troyweb_applicant/header.php(7): wp_head()
#9 /opt/lampp/htdocs/wordpress-6.6.1/wordpress/wp-includes/template.php(810): require_once('/opt/lampp/htdo...')
#10 /opt/lampp/htdocs/wordpress-6.6.1/wordpress/wp-includes/template.php(745): load_template('/opt/lampp/htdo...', true, Array)
#11 /opt/lampp/htdocs/wordpress-6.6.1/wordpress/wp-includes/general-template.php(48): locate_template(Array, true, true, Array)
#12 /opt/lampp/htdocs/wordpress-6.6.1/wordpress/wp-content/themes/troyweb_applicant/front-page.php(1): get_header()
#13 /opt/lampp/htdocs/wordpress-6.6.1/wordpress/wp-includes/template-loader.php(106): include('/opt/lampp/htdo...')
#14 /opt/lampp/htdocs/wordpress-6.6.1/wordpress/wp-blog-header.php(19): require_once('/opt/lampp/htdo...')
#15 /opt/lampp/htdocs/wordpress-6.6.1/wordpress/index.php(17): require('/opt/lampp/htdo...')
#16 {main}
  thrown in /opt/lampp/htdocs/wordpress-6.6.1/wordpress/wp-content/themes/troyweb_applicant/functions.php on line 6
[09-Sep-2024 04:17:56 UTC] PHP Parse error:  syntax error, unexpected token "/", expecting end of file in /opt/lampp/htdocs/wordpress-6.6.1/wordpress/wp-content/themes/troyweb_applicant/functions.php on line 16
[09-Sep-2024 04:18:15 UTC] PHP Parse error:  syntax error, unexpected token "/", expecting end of file in /opt/lampp/htdocs/wordpress-6.6.1/wordpress/wp-content/themes/troyweb_applicant/functions.php on line 16
[09-Sep-2024 04:18:16 UTC] PHP Parse error:  syntax error, unexpected token "/", expecting end of file in /opt/lampp/htdocs/wordpress-6.6.1/wordpress/wp-content/themes/troyweb_applicant/functions.php on line 16
[09-Sep-2024 05:24:13 UTC] PHP Parse error:  syntax error, unexpected end of file in /opt/lampp/htdocs/wordpress-6.6.1/wordpress/wp-content/themes/troyweb_applicant/functions.php on line 38
[09-Sep-2024 05:24:13 UTC] PHP Parse error:  syntax error, unexpected end of file in /opt/lampp/htdocs/wordpress-6.6.1/wordpress/wp-content/themes/troyweb_applicant/functions.php on line 38
[09-Sep-2024 06:12:22 UTC] PHP Warning:  Attempt to read property "title" on null in /opt/lampp/htdocs/wordpress-6.6.1/wordpress/wp-includes/class-wp-customize-widgets.php on line 905
[09-Sep-2024 07:23:09 UTC] PHP Parse error:  syntax error, unexpected token "<", expecting end of file in /opt/lampp/htdocs/wordpress-6.6.1/wordpress/wp-content/themes/troyweb_applicant/functions.php on line 55
[09-Sep-2024 07:23:09 UTC] PHP Warning:  Trying to access array offset on value of type bool in /opt/lampp/htdocs/wordpress-6.6.1/wordpress/wp-includes/class-wp-recovery-mode-email-service.php on line 367
[09-Sep-2024 07:23:09 UTC] PHP Warning:  Trying to access array offset on value of type bool in /opt/lampp/htdocs/wordpress-6.6.1/wordpress/wp-includes/class-wp-recovery-mode-email-service.php on line 368
[09-Sep-2024 07:24:51 UTC] PHP Parse error:  syntax error, unexpected token "<", expecting end of file in /opt/lampp/htdocs/wordpress-6.6.1/wordpress/wp-content/themes/troyweb_applicant/functions.php on line 55
[09-Sep-2024 07:24:53 UTC] PHP Parse error:  syntax error, unexpected token "<", expecting end of file in /opt/lampp/htdocs/wordpress-6.6.1/wordpress/wp-content/themes/troyweb_applicant/functions.php on line 55
[09-Sep-2024 07:24:56 UTC] PHP Parse error:  syntax error, unexpected token "<", expecting end of file in /opt/lampp/htdocs/wordpress-6.6.1/wordpress/wp-content/themes/troyweb_applicant/functions.php on line 55
[09-Sep-2024 07:25:20 UTC] PHP Parse error:  syntax error, unexpected token "<", expecting end of file in /opt/lampp/htdocs/wordpress-6.6.1/wordpress/wp-content/themes/troyweb_applicant/functions.php on line 55
[09-Sep-2024 07:28:44 UTC] PHP Fatal error:  Uncaught Error: Undefined constant "get_single" in /opt/lampp/htdocs/wordpress-6.6.1/wordpress/wp-content/themes/troyweb_applicant/front-page.php:20
Stack trace:
#0 /opt/lampp/htdocs/wordpress-6.6.1/wordpress/wp-includes/template-loader.php(106): include()
#1 /opt/lampp/htdocs/wordpress-6.6.1/wordpress/wp-blog-header.php(19): require_once('/opt/lampp/htdo...')
#2 /opt/lampp/htdocs/wordpress-6.6.1/wordpress/index.php(17): require('/opt/lampp/htdo...')
#3 {main}
  thrown in /opt/lampp/htdocs/wordpress-6.6.1/wordpress/wp-content/themes/troyweb_applicant/front-page.php on line 20
[09-Sep-2024 07:29:05 UTC] PHP Fatal error:  Uncaught Error: Undefined constant "get_single" in /opt/lampp/htdocs/wordpress-6.6.1/wordpress/wp-content/themes/troyweb_applicant/front-page.php:20
Stack trace:
#0 /opt/lampp/htdocs/wordpress-6.6.1/wordpress/wp-includes/template-loader.php(106): include()
#1 /opt/lampp/htdocs/wordpress-6.6.1/wordpress/wp-blog-header.php(19): require_once('/opt/lampp/htdo...')
#2 /opt/lampp/htdocs/wordpress-6.6.1/wordpress/index.php(17): require('/opt/lampp/htdo...')
#3 {main}
  thrown in /opt/lampp/htdocs/wordpress-6.6.1/wordpress/wp-content/themes/troyweb_applicant/front-page.php on line 20
[09-Sep-2024 07:31:01 UTC] PHP Fatal error:  Uncaught Error: Call to undefined function get_single() in /opt/lampp/htdocs/wordpress-6.6.1/wordpress/wp-content/themes/troyweb_applicant/front-page.php:21
Stack trace:
#0 /opt/lampp/htdocs/wordpress-6.6.1/wordpress/wp-includes/template-loader.php(106): include()
#1 /opt/lampp/htdocs/wordpress-6.6.1/wordpress/wp-blog-header.php(19): require_once('/opt/lampp/htdo...')
#2 /opt/lampp/htdocs/wordpress-6.6.1/wordpress/index.php(17): require('/opt/lampp/htdo...')
#3 {main}
  thrown in /opt/lampp/htdocs/wordpress-6.6.1/wordpress/wp-content/themes/troyweb_applicant/front-page.php on line 21
[09-Sep-2024 07:31:13 UTC] PHP Fatal error:  Uncaught Error: Call to undefined function get_single() in /opt/lampp/htdocs/wordpress-6.6.1/wordpress/wp-content/themes/troyweb_applicant/front-page.php:19
Stack trace:
#0 /opt/lampp/htdocs/wordpress-6.6.1/wordpress/wp-includes/template-loader.php(106): include()
#1 /opt/lampp/htdocs/wordpress-6.6.1/wordpress/wp-blog-header.php(19): require_once('/opt/lampp/htdo...')
#2 /opt/lampp/htdocs/wordpress-6.6.1/wordpress/index.php(17): require('/opt/lampp/htdo...')
#3 {main}
  thrown in /opt/lampp/htdocs/wordpress-6.6.1/wordpress/wp-content/themes/troyweb_applicant/front-page.php on line 19
[09-Sep-2024 07:34:58 UTC] PHP Fatal error:  Uncaught Error: Call to undefined function get_single() in /opt/lampp/htdocs/wordpress-6.6.1/wordpress/wp-content/themes/troyweb_applicant/front-page.php:21
Stack trace:
#0 /opt/lampp/htdocs/wordpress-6.6.1/wordpress/wp-includes/template-loader.php(106): include()
#1 /opt/lampp/htdocs/wordpress-6.6.1/wordpress/wp-blog-header.php(19): require_once('/opt/lampp/htdo...')
#2 /opt/lampp/htdocs/wordpress-6.6.1/wordpress/index.php(17): require('/opt/lampp/htdo...')
#3 {main}
  thrown in /opt/lampp/htdocs/wordpress-6.6.1/wordpress/wp-content/themes/troyweb_applicant/front-page.php on line 21
[09-Sep-2024 07:35:03 UTC] PHP Fatal error:  Uncaught Error: Call to undefined function get_single() in /opt/lampp/htdocs/wordpress-6.6.1/wordpress/wp-content/themes/troyweb_applicant/front-page.php:21
Stack trace:
#0 /opt/lampp/htdocs/wordpress-6.6.1/wordpress/wp-includes/template-loader.php(106): include()
#1 /opt/lampp/htdocs/wordpress-6.6.1/wordpress/wp-blog-header.php(19): require_once('/opt/lampp/htdo...')
#2 /opt/lampp/htdocs/wordpress-6.6.1/wordpress/index.php(17): require('/opt/lampp/htdo...')
#3 {main}
  thrown in /opt/lampp/htdocs/wordpress-6.6.1/wordpress/wp-content/themes/troyweb_applicant/front-page.php on line 21
[09-Sep-2024 07:44:00 UTC] PHP Fatal error:  Uncaught Error: Call to undefined function the_species() in /opt/lampp/htdocs/wordpress-6.6.1/wordpress/wp-content/themes/troyweb_applicant/single.php:5
Stack trace:
#0 /opt/lampp/htdocs/wordpress-6.6.1/wordpress/wp-includes/template.php(812): require()
#1 /opt/lampp/htdocs/wordpress-6.6.1/wordpress/wp-includes/template.php(745): load_template('/opt/lampp/htdo...', false, Array)
#2 /opt/lampp/htdocs/wordpress-6.6.1/wordpress/wp-includes/general-template.php(206): locate_template(Array, true, false, Array)
#3 /opt/lampp/htdocs/wordpress-6.6.1/wordpress/wp-content/themes/troyweb_applicant/front-page.php(26): get_template_part('single')
#4 /opt/lampp/htdocs/wordpress-6.6.1/wordpress/wp-includes/template-loader.php(106): include('/opt/lampp/htdo...')
#5 /opt/lampp/htdocs/wordpress-6.6.1/wordpress/wp-blog-header.php(19): require_once('/opt/lampp/htdo...')
#6 /opt/lampp/htdocs/wordpress-6.6.1/wordpress/index.php(17): require('/opt/lampp/htdo...')
#7 {main}
  thrown in /opt/lampp/htdocs/wordpress-6.6.1/wordpress/wp-content/themes/troyweb_applicant/single.php on line 5
[09-Sep-2024 08:04:15 UTC] PHP Fatal error:  Uncaught Error: Call to undefined function the_field() in /opt/lampp/htdocs/wordpress-6.6.1/wordpress/wp-content/themes/troyweb_applicant/single.php:5
Stack trace:
#0 /opt/lampp/htdocs/wordpress-6.6.1/wordpress/wp-includes/template.php(812): require()
#1 /opt/lampp/htdocs/wordpress-6.6.1/wordpress/wp-includes/template.php(745): load_template('/opt/lampp/htdo...', false, Array)
#2 /opt/lampp/htdocs/wordpress-6.6.1/wordpress/wp-includes/general-template.php(206): locate_template(Array, true, false, Array)
#3 /opt/lampp/htdocs/wordpress-6.6.1/wordpress/wp-content/themes/troyweb_applicant/front-page.php(26): get_template_part('single')
#4 /opt/lampp/htdocs/wordpress-6.6.1/wordpress/wp-includes/template-loader.php(106): include('/opt/lampp/htdo...')
#5 /opt/lampp/htdocs/wordpress-6.6.1/wordpress/wp-blog-header.php(19): require_once('/opt/lampp/htdo...')
#6 /opt/lampp/htdocs/wordpress-6.6.1/wordpress/index.php(17): require('/opt/lampp/htdo...')
#7 {main}
  thrown in /opt/lampp/htdocs/wordpress-6.6.1/wordpress/wp-content/themes/troyweb_applicant/single.php on line 5
[09-Sep-2024 08:08:25 UTC] PHP Fatal error:  Uncaught Error: Call to undefined function the_field() in /opt/lampp/htdocs/wordpress-6.6.1/wordpress/wp-content/themes/troyweb_applicant/single.php:5
Stack trace:
#0 /opt/lampp/htdocs/wordpress-6.6.1/wordpress/wp-includes/template-loader.php(106): include()
#1 /opt/lampp/htdocs/wordpress-6.6.1/wordpress/wp-blog-header.php(19): require_once('/opt/lampp/htdo...')
#2 /opt/lampp/htdocs/wordpress-6.6.1/wordpress/index.php(17): require('/opt/lampp/htdo...')
#3 {main}
  thrown in /opt/lampp/htdocs/wordpress-6.6.1/wordpress/wp-content/themes/troyweb_applicant/single.php on line 5
[09-Sep-2024 08:08:32 UTC] PHP Fatal error:  Uncaught Error: Call to undefined function the_field() in /opt/lampp/htdocs/wordpress-6.6.1/wordpress/wp-content/themes/troyweb_applicant/single.php:5
Stack trace:
#0 /opt/lampp/htdocs/wordpress-6.6.1/wordpress/wp-includes/template-loader.php(106): include()
#1 /opt/lampp/htdocs/wordpress-6.6.1/wordpress/wp-blog-header.php(19): require_once('/opt/lampp/htdo...')
#2 /opt/lampp/htdocs/wordpress-6.6.1/wordpress/index.php(17): require('/opt/lampp/htdo...')
#3 {main}
  thrown in /opt/lampp/htdocs/wordpress-6.6.1/wordpress/wp-content/themes/troyweb_applicant/single.php on line 5
[09-Sep-2024 08:09:54 UTC] PHP Fatal error:  Uncaught Error: Call to undefined function the_field() in /opt/lampp/htdocs/wordpress-6.6.1/wordpress/wp-content/themes/troyweb_applicant/single.php:5
Stack trace:
#0 /opt/lampp/htdocs/wordpress-6.6.1/wordpress/wp-includes/template-loader.php(106): include()
#1 /opt/lampp/htdocs/wordpress-6.6.1/wordpress/wp-blog-header.php(19): require_once('/opt/lampp/htdo...')
#2 /opt/lampp/htdocs/wordpress-6.6.1/wordpress/index.php(17): require('/opt/lampp/htdo...')
#3 {main}
  thrown in /opt/lampp/htdocs/wordpress-6.6.1/wordpress/wp-content/themes/troyweb_applicant/single.php on line 5
[09-Sep-2024 08:11:24 UTC] PHP Fatal error:  Uncaught Error: Call to undefined function the_field() in /opt/lampp/htdocs/wordpress-6.6.1/wordpress/wp-content/themes/troyweb_applicant/single.php:5
Stack trace:
#0 /opt/lampp/htdocs/wordpress-6.6.1/wordpress/wp-includes/template-loader.php(106): include()
#1 /opt/lampp/htdocs/wordpress-6.6.1/wordpress/wp-blog-header.php(19): require_once('/opt/lampp/htdo...')
#2 /opt/lampp/htdocs/wordpress-6.6.1/wordpress/index.php(17): require('/opt/lampp/htdo...')
#3 {main}
  thrown in /opt/lampp/htdocs/wordpress-6.6.1/wordpress/wp-content/themes/troyweb_applicant/single.php on line 5
[09-Sep-2024 08:14:56 UTC] PHP Fatal error:  Uncaught Error: Call to undefined function the_field() in /opt/lampp/htdocs/wordpress-6.6.1/wordpress/wp-content/themes/troyweb_applicant/single.php:5
Stack trace:
#0 /opt/lampp/htdocs/wordpress-6.6.1/wordpress/wp-includes/template-loader.php(106): include()
#1 /opt/lampp/htdocs/wordpress-6.6.1/wordpress/wp-blog-header.php(19): require_once('/opt/lampp/htdo...')
#2 /opt/lampp/htdocs/wordpress-6.6.1/wordpress/index.php(17): require('/opt/lampp/htdo...')
#3 {main}
  thrown in /opt/lampp/htdocs/wordpress-6.6.1/wordpress/wp-content/themes/troyweb_applicant/single.php on line 5
[09-Sep-2024 08:31:40 UTC] PHP Notice:  Function map_meta_cap was called <strong>incorrectly</strong>. The post type <code>applicant</code> is not registered, so it may not be reliable to check the capability <code>edit_post</code> against a post of that type. Please see <a href="https://developer.wordpress.org/advanced-administration/debug/debug-wordpress/">Debugging in WordPress</a> for more information. (This message was added in version 4.4.0.) in /opt/lampp/htdocs/wordpress-6.6.1/wordpress/wp-includes/functions.php on line 6085
[09-Sep-2024 08:53:31 UTC] PHP Parse error:  syntax error, unexpected token "<", expecting end of file in /opt/lampp/htdocs/wordpress-6.6.1/wordpress/wp-content/themes/troyweb_applicant/functions.php on line 52
[09-Sep-2024 08:53:32 UTC] PHP Parse error:  syntax error, unexpected token "<", expecting end of file in /opt/lampp/htdocs/wordpress-6.6.1/wordpress/wp-content/themes/troyweb_applicant/functions.php on line 52
[09-Sep-2024 08:53:33 UTC] PHP Parse error:  syntax error, unexpected token "<", expecting end of file in /opt/lampp/htdocs/wordpress-6.6.1/wordpress/wp-content/themes/troyweb_applicant/functions.php on line 52
[09-Sep-2024 09:29:39 UTC] PHP Parse error:  syntax error, unexpected token "<", expecting end of file in /opt/lampp/htdocs/wordpress-6.6.1/wordpress/wp-content/themes/troyweb_applicant/functions.php on line 53
[09-Sep-2024 09:29:46 UTC] PHP Parse error:  syntax error, unexpected token "<", expecting end of file in /opt/lampp/htdocs/wordpress-6.6.1/wordpress/wp-content/themes/troyweb_applicant/functions.php on line 53
[09-Sep-2024 09:30:00 UTC] PHP Parse error:  syntax error, unexpected token "<", expecting end of file in /opt/lampp/htdocs/wordpress-6.6.1/wordpress/wp-content/themes/troyweb_applicant/functions.php on line 53
[09-Sep-2024 09:34:49 UTC] PHP Warning:  Attempt to read property "title" on null in /opt/lampp/htdocs/wordpress-6.6.1/wordpress/wp-includes/class-wp-customize-widgets.php on line 905
[09-Sep-2024 09:36:54 UTC] PHP Fatal error:  Uncaught Error: Undefined constant "get_single" in /opt/lampp/htdocs/wordpress-6.6.1/wordpress/wp-content/themes/troyweb_applicant/front-page.php:23
Stack trace:
#0 /opt/lampp/htdocs/wordpress-6.6.1/wordpress/wp-includes/template-loader.php(106): include()
#1 /opt/lampp/htdocs/wordpress-6.6.1/wordpress/wp-blog-header.php(19): require_once('/opt/lampp/htdo...')
#2 /opt/lampp/htdocs/wordpress-6.6.1/wordpress/index.php(17): require('/opt/lampp/htdo...')
#3 {main}
  thrown in /opt/lampp/htdocs/wordpress-6.6.1/wordpress/wp-content/themes/troyweb_applicant/front-page.php on line 23
[09-Sep-2024 09:39:30 UTC] PHP Fatal error:  Uncaught Error: Undefined constant "get_single" in /opt/lampp/htdocs/wordpress-6.6.1/wordpress/wp-content/themes/troyweb_applicant/front-page.php:23
Stack trace:
#0 /opt/lampp/htdocs/wordpress-6.6.1/wordpress/wp-includes/template-loader.php(106): include()
#1 /opt/lampp/htdocs/wordpress-6.6.1/wordpress/wp-blog-header.php(19): require_once('/opt/lampp/htdo...')
#2 /opt/lampp/htdocs/wordpress-6.6.1/wordpress/index.php(17): require('/opt/lampp/htdo...')
#3 {main}
  thrown in /opt/lampp/htdocs/wordpress-6.6.1/wordpress/wp-content/themes/troyweb_applicant/front-page.php on line 23
[09-Sep-2024 09:39:31 UTC] PHP Fatal error:  Uncaught Error: Undefined constant "get_single" in /opt/lampp/htdocs/wordpress-6.6.1/wordpress/wp-content/themes/troyweb_applicant/front-page.php:23
Stack trace:
#0 /opt/lampp/htdocs/wordpress-6.6.1/wordpress/wp-includes/template-loader.php(106): include()
#1 /opt/lampp/htdocs/wordpress-6.6.1/wordpress/wp-blog-header.php(19): require_once('/opt/lampp/htdo...')
#2 /opt/lampp/htdocs/wordpress-6.6.1/wordpress/index.php(17): require('/opt/lampp/htdo...')
#3 {main}
  thrown in /opt/lampp/htdocs/wordpress-6.6.1/wordpress/wp-content/themes/troyweb_applicant/front-page.php on line 23
[09-Sep-2024 09:40:09 UTC] PHP Fatal error:  Uncaught Error: Undefined constant "get_single" in /opt/lampp/htdocs/wordpress-6.6.1/wordpress/wp-content/themes/troyweb_applicant/front-page.php:23
Stack trace:
#0 /opt/lampp/htdocs/wordpress-6.6.1/wordpress/wp-includes/template-loader.php(106): include()
#1 /opt/lampp/htdocs/wordpress-6.6.1/wordpress/wp-blog-header.php(19): require_once('/opt/lampp/htdo...')
#2 /opt/lampp/htdocs/wordpress-6.6.1/wordpress/index.php(17): require('/opt/lampp/htdo...')
#3 {main}
  thrown in /opt/lampp/htdocs/wordpress-6.6.1/wordpress/wp-content/themes/troyweb_applicant/front-page.php on line 23
[09-Sep-2024 09:40:10 UTC] PHP Fatal error:  Uncaught Error: Undefined constant "get_single" in /opt/lampp/htdocs/wordpress-6.6.1/wordpress/wp-content/themes/troyweb_applicant/front-page.php:23
Stack trace:
#0 /opt/lampp/htdocs/wordpress-6.6.1/wordpress/wp-includes/template-loader.php(106): include()
#1 /opt/lampp/htdocs/wordpress-6.6.1/wordpress/wp-blog-header.php(19): require_once('/opt/lampp/htdo...')
#2 /opt/lampp/htdocs/wordpress-6.6.1/wordpress/index.php(17): require('/opt/lampp/htdo...')
#3 {main}
  thrown in /opt/lampp/htdocs/wordpress-6.6.1/wordpress/wp-content/themes/troyweb_applicant/front-page.php on line 23
[09-Sep-2024 09:40:16 UTC] PHP Fatal error:  Uncaught Error: Undefined constant "get_single" in /opt/lampp/htdocs/wordpress-6.6.1/wordpress/wp-content/themes/troyweb_applicant/front-page.php:23
Stack trace:
#0 /opt/lampp/htdocs/wordpress-6.6.1/wordpress/wp-includes/template-loader.php(106): include()
#1 /opt/lampp/htdocs/wordpress-6.6.1/wordpress/wp-blog-header.php(19): require_once('/opt/lampp/htdo...')
#2 /opt/lampp/htdocs/wordpress-6.6.1/wordpress/index.php(17): require('/opt/lampp/htdo...')
#3 {main}
  thrown in /opt/lampp/htdocs/wordpress-6.6.1/wordpress/wp-content/themes/troyweb_applicant/front-page.php on line 23
